Start testing: May 25 10:58 CEST
----------------------------------------------------------
1/13 Testing: Test_Vector_Erase
1/13 Test: Test_Vector_Erase
Command: "/Users/wax/42/ft_containers/build/v_erase"
Directory: /Users/wax/42/ft_containers/build
"Test_Vector_Erase" start time: May 25 10:58 CEST
Output:
----------------------------------------------------------
 1 2 3 4 5 6 7 8 9 10
 4 5 7 8 9 10
<end of output>
Test time =   0.01 sec
----------------------------------------------------------
Test Failed.
"Test_Vector_Erase" end time: May 25 10:58 CEST
"Test_Vector_Erase" time elapsed: 00:00:00
----------------------------------------------------------

2/13 Testing: Test_Vector_Iterator
2/13 Test: Test_Vector_Iterator
Command: "/Users/wax/42/ft_containers/build/v_iterator"
Directory: /Users/wax/42/ft_containers/build
"Test_Vector_Iterator" start time: May 25 10:58 CEST
Output:
----------------------------------------------------------
Iterator empty

My vector test
salut: 1 salut: 12 salut: 123 salut: 1234 salut: 12345 salut: 123456 salut: 1234567 salut: 12345678 salut: 123456789 salut: 12345678910 
vector test
salut: 1 salut: 12 salut: 123 salut: 1234 salut: 12345 salut: 123456 salut: 1234567 salut: 12345678 salut: 123456789 salut: 12345678910 
<end of output>
Test time =   0.01 sec
----------------------------------------------------------
Test Passed.
"Test_Vector_Iterator" end time: May 25 10:58 CEST
"Test_Vector_Iterator" time elapsed: 00:00:00
----------------------------------------------------------

3/13 Testing: Test_Vector_Assign
3/13 Test: Test_Vector_Assign
Command: "/Users/wax/42/ft_containers/build/v_assign"
Directory: /Users/wax/42/ft_containers/build
"Test_Vector_Assign" start time: May 25 10:58 CEST
Output:
----------------------------------------------------------
Size of first: 7
Size of second: 4
Size of third: 3
<end of output>
Test time =   0.01 sec
----------------------------------------------------------
Test Passed.
"Test_Vector_Assign" end time: May 25 10:58 CEST
"Test_Vector_Assign" time elapsed: 00:00:00
----------------------------------------------------------

4/13 Testing: Test_Vector_Push_back
4/13 Test: Test_Vector_Push_back
Command: "/Users/wax/42/ft_containers/build/v_push_back"
Directory: /Users/wax/42/ft_containers/build
"Test_Vector_Push_back" start time: May 25 10:58 CEST
Output:
----------------------------------------------------------
check vector empty: false
size of vector: 0
capacity of vector: 0
check vector empty: false
size of vector: 0
capacity of vector: 0


0 push_back: 
size of vector: 1
capacity of vector: 1
size of vector: 1
capacity of vector: 1

push_back: 


1 push_back: 
size of vector: 2
capacity of vector: 2
size of vector: 2
capacity of vector: 2

push_back: 


2 push_back: 
size of vector: 3
capacity of vector: 4
size of vector: 3
capacity of vector: 4

push_back: 


3 push_back: 
size of vector: 4
capacity of vector: 4
size of vector: 4
capacity of vector: 4

push_back: 

size of vector: 4
capacity of vector: 4
size of vector: 4
capacity of vector: 4
1
{salut, a, toi, 
comment va tu?, 
comment va tu?}
<end of output>
Test time =   0.01 sec
----------------------------------------------------------
Test Passed.
"Test_Vector_Push_back" end time: May 25 10:58 CEST
"Test_Vector_Push_back" time elapsed: 00:00:00
----------------------------------------------------------

5/13 Testing: Test_Vector_Swap
5/13 Test: Test_Vector_Swap
Command: "/Users/wax/42/ft_containers/build/v_swap"
Directory: /Users/wax/42/ft_containers/build
"Test_Vector_Swap" start time: May 25 10:58 CEST
Output:
----------------------------------------------------------
<end of output>
Test time =   0.01 sec
----------------------------------------------------------
Test Failed.
"Test_Vector_Swap" end time: May 25 10:58 CEST
"Test_Vector_Swap" time elapsed: 00:00:00
----------------------------------------------------------

6/13 Testing: Test_Vector_Resize
6/13 Test: Test_Vector_Resize
Command: "/Users/wax/42/ft_containers/build/v_resize"
Directory: /Users/wax/42/ft_containers/build
"Test_Vector_Resize" start time: May 25 10:58 CEST
Output:
----------------------------------------------------------
5
5
 1 2 3 4 5 100 100 100 0 0 0 0
 1 2 3 4 5 100 100 100 0 0 0 0
<end of output>
Test time =   0.01 sec
----------------------------------------------------------
Test Passed.
"Test_Vector_Resize" end time: May 25 10:58 CEST
"Test_Vector_Resize" time elapsed: 00:00:00
----------------------------------------------------------

7/13 Testing: Test_Vector_Clear
7/13 Test: Test_Vector_Clear
Command: "/Users/wax/42/ft_containers/build/v_clear"
Directory: /Users/wax/42/ft_containers/build
"Test_Vector_Clear" start time: May 25 10:58 CEST
Output:
----------------------------------------------------------
salut
salut
salut
salut
salut
salut
salut
salut
salut
salut
vector: salut
vector: salut
vector: salut
vector: salut
vector: salut
vector: test
vector: test
vector: test
vector: test
vector: test
vector: test
vector: test
vector: test
vector: test
vector: test
vector: test
vector: test
vector: test
vector: test
vector: test
vector: test
vector: test
vector: test
vector: test
vector: test
vector: test
vector: test
vector: test
vector: test
vector: test
vector: test
vector: test
vector: test
vector: test
vector: test
vector: test
vector: test
vector: test
vector: test
vector: test
vector: test
vector: test
vector: test
vector: test
vector: test
vector: test
vector: test
vector: test
vector: test
vector: test
vector: salut
vector: salut
vector: salut
vector: salut
vector: salut
vector: test
vector: test
vector: test
vector: test
vector: test
vector: test
vector: test
vector: test
vector: test
vector: test
vector: test
vector: test
vector: test
vector: test
vector: test
vector: test
vector: test
vector: test
vector: test
vector: test
vector: test
vector: test
vector: test
vector: test
vector: test
vector: test
vector: test
vector: test
vector: test
vector: test
vector: test
vector: test
vector: test
vector: test
vector: test
vector: test
vector: test
vector: test
vector: test
vector: test
vector: test
vector: test
vector: test
vector: test
vector: test
size of vector: 50
capacity of vector: 64
clear of vector: 
size of vector: 50
capacity of vector: 50
clear of vector: 
size of vector: 0
capacity of vector: 64
<end of output>
Test time =   0.01 sec
----------------------------------------------------------
Test Failed.
"Test_Vector_Clear" end time: May 25 10:58 CEST
"Test_Vector_Clear" time elapsed: 00:00:00
----------------------------------------------------------

8/13 Testing: Test_Vector_Access
8/13 Test: Test_Vector_Access
Command: "/Users/wax/42/ft_containers/build/v_access"
Directory: /Users/wax/42/ft_containers/build
"Test_Vector_Access" start time: May 25 10:58 CEST
Output:
----------------------------------------------------------
test last]: 12
test v.at(0)): 0
test v.front()): 0
test v[1]]: 1
test v.at(1)): 1
test v[2]]: 2
test v.at(2)): 2
test v.back): 12
test v.size(): 11
test v.capacity(): 16
test v.max_size(): 4611686018427387903
test last]: 12
test vec.at(0)): 0
test vec.front()): 0
test vec[1]]: 1
test vec.at(1)): 1
test vec[2]]: 2
test vec.at(2)): 2
test vec.back): 12
test vec.size(): 11
test vec.capacity(): 16
test vec.max_size(): 4611686018427387903
<end of output>
Test time =   0.01 sec
----------------------------------------------------------
Test Passed.
"Test_Vector_Access" end time: May 25 10:58 CEST
"Test_Vector_Access" time elapsed: 00:00:00
----------------------------------------------------------

9/13 Testing: Test_Vector_Equal
9/13 Test: Test_Vector_Equal
Command: "/Users/wax/42/ft_containers/build/v_equal"
Directory: /Users/wax/42/ft_containers/build
"Test_Vector_Equal" start time: May 25 10:58 CEST
Output:
----------------------------------------------------------
<end of output>
Test time =   0.01 sec
----------------------------------------------------------
Test Failed.
"Test_Vector_Equal" end time: May 25 10:58 CEST
"Test_Vector_Equal" time elapsed: 00:00:00
----------------------------------------------------------

10/13 Testing: Test_Vector_Lex
10/13 Test: Test_Vector_Lex
Command: "/Users/wax/42/ft_containers/build/v_lex"
Directory: /Users/wax/42/ft_containers/build
"Test_Vector_Lex" start time: May 25 10:58 CEST
Output:
----------------------------------------------------------
Comparing foo and bar lexicographically (foo<bar):
Using default comparison (operator<): true
Using mycomp as comparison object: false
my: 10
origine: 10
<end of output>
Test time =   0.01 sec
----------------------------------------------------------
Test Passed.
"Test_Vector_Lex" end time: May 25 10:58 CEST
"Test_Vector_Lex" time elapsed: 00:00:00
----------------------------------------------------------

11/13 Testing: Test_Vector_enalble_if
11/13 Test: Test_Vector_enalble_if
Command: "/Users/wax/42/ft_containers/build/v_enable"
Directory: /Users/wax/42/ft_containers/build
"Test_Vector_enalble_if" start time: May 25 10:58 CEST
Output:
----------------------------------------------------------
i is odd: true
i is even: false
Output cout: 
i is odd: 1
i is even: 0

i is odd: 1
i is even: 0

<end of output>
Test time =   0.01 sec
----------------------------------------------------------
Test Passed.
"Test_Vector_enalble_if" end time: May 25 10:58 CEST
"Test_Vector_enalble_if" time elapsed: 00:00:00
----------------------------------------------------------

12/13 Testing: Test_Vector_integral
12/13 Test: Test_Vector_integral
Command: "/Users/wax/42/ft_containers/build/v_is_integral"
Directory: /Users/wax/42/ft_containers/build
"Test_Vector_integral" start time: May 25 10:58 CEST
Output:
----------------------------------------------------------
is_integral:
char: true
int: true
float: false
Output cout: 
is_integral:
char: true
int: true
float: false

is_integral:
char: true
int: true
float: false

<end of output>
Test time =   0.01 sec
----------------------------------------------------------
Test Passed.
"Test_Vector_integral" end time: May 25 10:58 CEST
"Test_Vector_integral" time elapsed: 00:00:00
----------------------------------------------------------

13/13 Testing: Test_Pair
13/13 Test: Test_Pair
Command: "/Users/wax/42/ft_containers/build/v_pair"
Directory: /Users/wax/42/ft_containers/build
"Test_Pair" start time: May 25 10:58 CEST
Output:
----------------------------------------------------------
The price of lightbulbs is $0.99
The price of shoes is $39.9
The price of tomatoes is $2.3
The price of lightbulbs is $0.99
The price of shoes is $39.9
The price of tomatoes is $2.3
foo: 10, 20
bar: 10, 65
foo: 10, 20
bar: 10, 65
Output cout: 
The price of lightbulbs is $0.99
The price of shoes is $39.9
The price of tomatoes is $2.3
foo: 10, 20
bar: 10, 65

The price of lightbulbs is $0.99
The price of shoes is $39.9
The price of tomatoes is $2.3
foo: 10, 20
bar: 10, 65

<end of output>
Test time =   0.01 sec
----------------------------------------------------------
Test Passed.
"Test_Pair" end time: May 25 10:58 CEST
"Test_Pair" time elapsed: 00:00:00
----------------------------------------------------------

End testing: May 25 10:58 CEST
